<?xml version="1.0" encoding="UTF-8"?>
<!-- Generated by org.testng.reporters.JUnitReportReporter -->
<testsuite hostname="EN-ImranK" name="com.loginTest.google.LoginTest" tests="1" failures="0" timestamp="14 Aug 2015 07:48:05 GMT" time="18.101" errors="0">
  <testcase name="TestLoginPg" time="18.101" classname="com.loginTest.google.LoginTest"/>
</testsuite> <!-- com.loginTest.google.LoginTest -->
