<?xml version="1.0" encoding="UTF-8"?>
<!-- Generated by org.testng.reporters.JUnitReportReporter -->
<testsuite hostname="EN-ImranK" name="com.pom.sample.AppTest" tests="1" failures="0" timestamp="13 Aug 2015 07:44:48 GMT" time="0.002" errors="0">
  <testcase name="testApp" time="0.002" classname="com.pom.sample.AppTest"/>
</testsuite>
